<?xml version="1.0" encoding="UTF-8"?>
<Site BuildName="Win32-MSBuild"
	BuildStamp="20240506-2318-Experimental"
	Name="DESKTOP-J3N3SMF"
	Generator="ctest-3.25.1-msvc1"
	CompilerName="C:/Program Files/Microsoft Visual Studio/2022/Professional/VC/Tools/MSVC/14.35.32215/bin/Hostx64/x64/cl.exe"
	CompilerVersion="19.35.32216.1"
	OSName="Windows"
	Hostname="DESKTOP-J3N3SMF"
	OSRelease=" Personal"
	OSVersion=" (Build 19045)"
	OSPlatform="AMD64"
	Is64Bits="1"
	VendorString="AuthenticAMD"
	VendorID="Advanced Micro Devices"
	FamilyID="15"
	ModelID="8"
	ProcessorCacheSize="96"
	NumberOfLogicalCPU="8"
	NumberOfPhysicalCPU="4"
	TotalVirtualMemory="19148"
	TotalPhysicalMemory="14284"
	LogicalProcessorsPerPhysical="2"
	ProcessorClockFrequency="3693"
	>
	<Testing>
		<StartDateTime>May 06 20:18 Hora est[NON-UTF-8-BYTE-0xE1]ndar de Argentina</StartDateTime>
		<StartTestTime>1715037492</StartTestTime>
		<TestList/>
		<EndDateTime>May 06 20:18 Hora est[NON-UTF-8-BYTE-0xE1]ndar de Argentina</EndDateTime>
		<EndTestTime>1715037492</EndTestTime>
		<ElapsedMinutes>0</ElapsedMinutes>
	</Testing>
</Site>
